<?xml version="1.0" encoding="UTF-8"?>
<!-- Generated by org.testng.reporters.JUnitReportReporter -->
<testsuite hostname="IN-PG0352PK" failures="0" tests="1" name="testcases.todaysDeal" time="6.315" errors="0" timestamp="2024-04-28T18:52:25 IST" skipped="0">
  <testcase classname="testcases.todaysDeal" name="TodaysDeal_Test" time="6.315"/>
</testsuite> <!-- testcases.todaysDeal -->
