<?xml version="1.0" encoding="UTF-8"?>
<!-- Generated by org.testng.reporters.JUnitReportReporter -->
<testsuite hostname="IN-PG0352PK" failures="0" tests="2" name="testcases.pincodeTest" time="41.446" errors="0" timestamp="2024-05-26T16:20:47 IST" skipped="0">
  <testcase classname="testcases.pincodeTest" name="PIN_Fail" time="13.047"/>
  <testcase classname="testcases.pincodeTest" name="PIN_Pass" time="28.399"/>
</testsuite> <!-- testcases.pincodeTest -->
