<?xml version="1.0" encoding="UTF-8"?>
<!-- Generated by org.testng.reporters.JUnitReportReporter -->
<testsuite hostname="IN-PG0352PK" failures="0" tests="1" name="testcases.TestClass" time="21.126" errors="0" timestamp="2024-04-28T02:30:33 IST" skipped="0">
  <testcase classname="testcases.TestClass" name="test" time="21.126"/>
</testsuite> <!-- testcases.TestClass -->
