<?xml version="1.0" encoding="UTF-8"?>
<!-- Generated by org.testng.reporters.JUnitReportReporter -->
<testsuite hostname="IN-PG0352PK" failures="0" tests="3" name="testcases.cartItemsTest" time="25.391" errors="0" timestamp="2024-04-28T19:48:53 IST" skipped="0">
  <testcase classname="testcases.cartItemsTest" name="EmptyCart_Test" time="4.162"/>
  <testcase classname="testcases.cartItemsTest" name="FreeDelivery_Test" time="10.446"/>
  <testcase classname="testcases.cartItemsTest" name="NoFreeDelivery_Test" time="10.783"/>
</testsuite> <!-- testcases.cartItemsTest -->
