<?xml version="1.0" encoding="UTF-8"?>
<!-- Generated by org.testng.reporters.JUnitReportReporter -->
<testsuite hostname="IN-PG0352PK" failures="0" tests="2" name="testcases.pincodeTest" time="22.254" errors="0" timestamp="2024-04-28T19:49:22 IST" skipped="0">
  <testcase classname="testcases.pincodeTest" name="PIN_Fail" time="7.434"/>
  <testcase classname="testcases.pincodeTest" name="PIN_Pass" time="14.820"/>
</testsuite> <!-- testcases.pincodeTest -->
