<?xml version="1.0" encoding="UTF-8"?>
<!-- Generated by org.testng.reporters.JUnitReportReporter -->
<testsuite hostname="IN-PG0352PK" failures="0" tests="2" name="testcases.searchTest" time="20.979" errors="0" timestamp="2024-04-28T19:49:49 IST" skipped="0">
  <testcase classname="testcases.searchTest" name="MinPriceCheck_Test" time="12.242"/>
  <testcase classname="testcases.searchTest" name="FirstResultSS_Test" time="8.737"/>
</testsuite> <!-- testcases.searchTest -->
