<?xml version="1.0" encoding="UTF-8"?>
<!-- Generated by org.testng.reporters.JUnitReportReporter -->
<testsuite hostname="IN-PG0352PK" failures="0" tests="3" name="testcases.cartItemsTest" time="53.145" errors="0" timestamp="2024-05-10T10:08:02 IST" skipped="0">
  <testcase classname="testcases.cartItemsTest" name="FreeDelivery_Test" time="22.462"/>
  <testcase classname="testcases.cartItemsTest" name="EmptyCart_Test" time="9.177"/>
  <testcase classname="testcases.cartItemsTest" name="NoFreeDelivery_Test" time="21.506"/>
</testsuite> <!-- testcases.cartItemsTest -->
