<?xml version="1.0" encoding="UTF-8"?>
<!-- Generated by org.testng.reporters.JUnitReportReporter -->
<testsuite hostname="IN-PG0352PK" failures="0" tests="3" name="testcases.cartItemsTest" time="45.596" errors="0" timestamp="2024-05-26T16:58:08 IST" skipped="0">
  <testcase classname="testcases.cartItemsTest" name="EmptyCart_Test" time="9.831"/>
  <testcase classname="testcases.cartItemsTest" name="FreeDelivery_Test" time="17.417"/>
  <testcase classname="testcases.cartItemsTest" name="NoFreeDelivery_Test" time="18.348"/>
</testsuite> <!-- testcases.cartItemsTest -->
